{
  "stats": {
    "suites": 15,
    "tests": 49,
    "passes": 22,
    "pending": 0,
    "failures": 27,
    "start": "2023-02-07T17:46:40.672Z",
    "end": "2023-02-07T17:48:40.449Z",
    "duration": 119777,
    "testsRegistered": 49,
    "passPercent": 44.89795918367347,
    "pendingPercent": 0,
    "other": 0,
    "hasOther": false,
    "skipped": 0,
    "hasSkipped": false
  },
  "results": [
    {
      "uuid": "8c7bfcaa-cf10-41bd-8ddc-fe65dca2644c",
      "title": "",
      "fullFile": "cypress/integration/project.spec.js",
      "file": "cypress/integration/project.spec.js",
      "beforeHooks": [],
      "afterHooks": [],
      "tests": [],
      "suites": [
        {
          "uuid": "83de48d8-0d11-4a4e-aa7e-bd6ff62f8f91",
          "title": "1 - Adicione à página o título \"Paleta de Cores\"",
          "fullFile": "",
          "file": "",
          "beforeHooks": [],
          "afterHooks": [],
          "tests": [
            {
              "title": "Verifica se contém um elemento `h1` com o id `title` com o título correto",
              "fullTitle": "1 - Adicione à página o título \"Paleta de Cores\" Verifica se contém um elemento `h1` com o id `title` com o título correto",
              "timedOut": null,
              "duration": 137,
              "state": "passed",
              "speed": "slow",
              "pass": true,
              "fail": false,
              "pending": false,
              "context": null,
              "code": "cy.get('h1#title').should('contain.text', 'Paleta de Cores');",
              "err": {},
              "uuid": "9d0fe758-8327-4be5-9628-04f3a5982a37",
              "parentUUID": "83de48d8-0d11-4a4e-aa7e-bd6ff62f8f91",
              "isHook": false,
              "skipped": false
            }
          ],
          "suites": [],
          "passes": [
            "9d0fe758-8327-4be5-9628-04f3a5982a37"
          ],
          "failures": [],
          "pending": [],
          "skipped": [],
          "duration": 137,
          "root": false,
          "rootEmpty": false,
          "_timeout": 2000
        },
        {
          "uuid": "290bcafa-579a-4646-b1c1-04056f784ba8",
          "title": "2 - Adicione à página uma paleta contendo quatro cores distintas",
          "fullFile": "",
          "file": "",
          "beforeHooks": [],
          "afterHooks": [],
          "tests": [
            {
              "title": "A paleta de cores deve ser um elemento com `id` denominado `color-palette` e ter mais de 0px de altura e de largura.",
              "fullTitle": "2 - Adicione à página uma paleta contendo quatro cores distintas A paleta de cores deve ser um elemento com `id` denominado `color-palette` e ter mais de 0px de altura e de largura.",
              "timedOut": null,
              "duration": 58,
              "state": "passed",
              "speed": "medium",
              "pass": true,
              "fail": false,
              "pending": false,
              "context": null,
              "code": "cy.get('#color-palette').should('be.visible');\ncy.get('#color-palette').children('.color');",
              "err": {},
              "uuid": "fd4369e0-477c-410f-8e4d-1b01d8362609",
              "parentUUID": "290bcafa-579a-4646-b1c1-04056f784ba8",
              "isHook": false,
              "skipped": false
            },
            {
              "title": "Verifica se cada cor individual da paleta de cores possui a `classe` chamada `color`.",
              "fullTitle": "2 - Adicione à página uma paleta contendo quatro cores distintas Verifica se cada cor individual da paleta de cores possui a `classe` chamada `color`.",
              "timedOut": null,
              "duration": 66,
              "state": "passed",
              "speed": "medium",
              "pass": true,
              "fail": false,
              "pending": false,
              "context": null,
              "code": "cy.get('.color').should('have.length', 4).then(function (colors) {\n  for (var i = 0; i < colors.length; i++) {\n    cy.wrap(colors[i]).should('be.visible');\n  }\n});",
              "err": {},
              "uuid": "5149f797-8f92-4728-965f-192af56bc67f",
              "parentUUID": "290bcafa-579a-4646-b1c1-04056f784ba8",
              "isHook": false,
              "skipped": false
            },
            {
              "title": "Verifica se a cor de fundo de cada elemento da paleta é a cor que o elemento representa. **A única cor não permitida na paleta é a cor branca.**",
              "fullTitle": "2 - Adicione à página uma paleta contendo quatro cores distintas Verifica se a cor de fundo de cada elemento da paleta é a cor que o elemento representa. **A única cor não permitida na paleta é a cor branca.**",
              "timedOut": null,
              "duration": 99,
              "state": "passed",
              "speed": "slow",
              "pass": true,
              "fail": false,
              "pending": false,
              "context": null,
              "code": "cy.get('.color').each(function (color) {\n  cy.wrap(color).should('have.class', 'color').and('not.have.css', 'background-color', WHITE);\n  cy.wrap(color).should('have.css', 'background-color');\n});",
              "err": {},
              "uuid": "c5eca88e-105e-4e63-ae34-8c55bb30aa84",
              "parentUUID": "290bcafa-579a-4646-b1c1-04056f784ba8",
              "isHook": false,
              "skipped": false
            },
            {
              "title": "Verifica se cada elemento da paleta de cores tem uma borda preta, sólida e com 1 pixel de largura;",
              "fullTitle": "2 - Adicione à página uma paleta contendo quatro cores distintas Verifica se cada elemento da paleta de cores tem uma borda preta, sólida e com 1 pixel de largura;",
              "timedOut": null,
              "duration": 74,
              "state": "passed",
              "speed": "medium",
              "pass": true,
              "fail": false,
              "pending": false,
              "context": null,
              "code": "cy.get('.color').each(function (color) {\n  cy.wrap(color).and('have.css', 'border', \"1px solid \".concat(BLACK)).and('have.class', 'color');\n});",
              "err": {},
              "uuid": "4b6c7e4b-8069-4aa4-972a-1faa05c412de",
              "parentUUID": "290bcafa-579a-4646-b1c1-04056f784ba8",
              "isHook": false,
              "skipped": false
            },
            {
              "title": "Verifica se a paleta lista todas as cores disponíveis para utilização, lado a lado.",
              "fullTitle": "2 - Adicione à página uma paleta contendo quatro cores distintas Verifica se a paleta lista todas as cores disponíveis para utilização, lado a lado.",
              "timedOut": null,
              "duration": 89,
              "state": "passed",
              "speed": "slow",
              "pass": true,
              "fail": false,
              "pending": false,
              "context": null,
              "code": "cy.get('.color').then(function (colors) {\n  for (var index = 1; index < colors.length; index += 1) {\n    var currentColor = colors[index];\n    var previousColor = colors[index - 1];\n    cy.wrap(currentColor).should('be.onTheRightOf', previousColor).and('be.horizontallyAlignedWith', previousColor);\n  }\n});",
              "err": {},
              "uuid": "2fa15a93-aa54-4a17-84ee-f96e5b903feb",
              "parentUUID": "290bcafa-579a-4646-b1c1-04056f784ba8",
              "isHook": false,
              "skipped": false
            },
            {
              "title": "Verifica se a paleta de cores está posicionada abaixo do título 'Paleta de Cores'",
              "fullTitle": "2 - Adicione à página uma paleta contendo quatro cores distintas Verifica se a paleta de cores está posicionada abaixo do título 'Paleta de Cores'",
              "timedOut": null,
              "duration": 69,
              "state": "passed",
              "speed": "medium",
              "pass": true,
              "fail": false,
              "pending": false,
              "context": null,
              "code": "cy.get('h1#title').then(function (title) {\n  cy.get('#color-palette').should('be.belowOf', title);\n});",
              "err": {},
              "uuid": "57e5b5f1-6e1c-45a0-867f-5ec9147fc0b5",
              "parentUUID": "290bcafa-579a-4646-b1c1-04056f784ba8",
              "isHook": false,
              "skipped": false
            },
            {
              "title": "Verifica se a paleta de cores não contém cores repetidas.",
              "fullTitle": "2 - Adicione à página uma paleta contendo quatro cores distintas Verifica se a paleta de cores não contém cores repetidas.",
              "timedOut": null,
              "duration": 67,
              "state": "passed",
              "speed": "medium",
              "pass": true,
              "fail": false,
              "pending": false,
              "context": null,
              "code": "cy.get('.color').then(function (colors) {\n  var allColors = Array.from(colors).map(function (color) {\n    return Cypress.$(color).css('background-color');\n  });\n  cy.log(allColors);\n  var uniqColors = (0, _toConsumableArray2[\"default\"])(new Set(allColors));\n  cy.log(uniqColors);\n  expect(allColors.length).to.eq(uniqColors.length);\n});",
              "err": {},
              "uuid": "116d8ccb-82b6-472c-9555-449c0bd55415",
              "parentUUID": "290bcafa-579a-4646-b1c1-04056f784ba8",
              "isHook": false,
              "skipped": false
            }
          ],
          "suites": [],
          "passes": [
            "fd4369e0-477c-410f-8e4d-1b01d8362609",
            "5149f797-8f92-4728-965f-192af56bc67f",
            "c5eca88e-105e-4e63-ae34-8c55bb30aa84",
            "4b6c7e4b-8069-4aa4-972a-1faa05c412de",
            "2fa15a93-aa54-4a17-84ee-f96e5b903feb",
            "57e5b5f1-6e1c-45a0-867f-5ec9147fc0b5",
            "116d8ccb-82b6-472c-9555-449c0bd55415"
          ],
          "failures": [],
          "pending": [],
          "skipped": [],
          "duration": 522,
          "root": false,
          "rootEmpty": false,
          "_timeout": 2000
        },
        {
          "uuid": "3eaff7ef-f430-4abe-9599-a58ebaf378e3",
          "title": "3 - Adicione a cor **preta** como a primeira cor da paleta de cores",
          "fullFile": "",
          "file": "",
          "beforeHooks": [],
          "afterHooks": [],
          "tests": [
            {
              "title": "Verifica se a primeira cor da paleta é preta",
              "fullTitle": "3 - Adicione a cor **preta** como a primeira cor da paleta de cores Verifica se a primeira cor da paleta é preta",
              "timedOut": null,
              "duration": 89,
              "state": "passed",
              "speed": "slow",
              "pass": true,
              "fail": false,
              "pending": false,
              "context": null,
              "code": "cy.get('.color').first().should('have.css', 'background-color', BLACK);",
              "err": {},
              "uuid": "ccdb15c6-aeb7-471d-8ebc-bb9579a32426",
              "parentUUID": "3eaff7ef-f430-4abe-9599-a58ebaf378e3",
              "isHook": false,
              "skipped": false
            },
            {
              "title": "Verifica se as demais cores podem ser escolhidas livremente.",
              "fullTitle": "3 - Adicione a cor **preta** como a primeira cor da paleta de cores Verifica se as demais cores podem ser escolhidas livremente.",
              "timedOut": null,
              "duration": 137,
              "state": "passed",
              "speed": "slow",
              "pass": true,
              "fail": false,
              "pending": false,
              "context": null,
              "code": "cy.get('.color').eq(1).should('not.have.css', 'background-color', BLACK);\ncy.get('.color').eq(1).should('not.have.css', 'background-color', WHITE);\ncy.get('.color').eq(1).should('not.have.css', 'background-color', 'rgba(0, 0, 0, 0)');\ncy.get('.color').eq(1).should('have.css', 'background-color');\ncy.get('.color').eq(2).should('not.have.css', 'background-color', BLACK);\ncy.get('.color').eq(2).should('not.have.css', 'background-color', WHITE);\ncy.get('.color').eq(2).should('not.have.css', 'background-color', 'rgba(0, 0, 0, 0)');\ncy.get('.color').eq(2).should('have.css', 'background-color');\ncy.get('.color').eq(3).should('not.have.css', 'background-color', BLACK);\ncy.get('.color').eq(3).should('not.have.css', 'background-color', WHITE);\ncy.get('.color').eq(3).should('not.have.css', 'background-color', 'rgba(0, 0, 0, 0)');\ncy.get('.color').eq(3).should('have.css', 'background-color');",
              "err": {},
              "uuid": "d31a266e-46f6-4541-8ac4-7fbb4420cc9b",
              "parentUUID": "3eaff7ef-f430-4abe-9599-a58ebaf378e3",
              "isHook": false,
              "skipped": false
            }
          ],
          "suites": [],
          "passes": [
            "ccdb15c6-aeb7-471d-8ebc-bb9579a32426",
            "d31a266e-46f6-4541-8ac4-7fbb4420cc9b"
          ],
          "failures": [],
          "pending": [],
          "skipped": [],
          "duration": 226,
          "root": false,
          "rootEmpty": false,
          "_timeout": 2000
        },
        {
          "uuid": "88b72952-d6cd-4a2a-a6c4-9481b46e6270",
          "title": "4 - Adicione um botão para gerar cores aleatórias para a paleta de cores",
          "fullFile": "",
          "file": "",
          "beforeHooks": [],
          "afterHooks": [],
          "tests": [
            {
              "title": "O botão deve possuir o `id` denominado `button-random-color`",
              "fullTitle": "4 - Adicione um botão para gerar cores aleatórias para a paleta de cores O botão deve possuir o `id` denominado `button-random-color`",
              "timedOut": null,
              "duration": 63,
              "state": "passed",
              "speed": "medium",
              "pass": true,
              "fail": false,
              "pending": false,
              "context": null,
              "code": "cy.get('#button-random-color').should('be.visible');",
              "err": {},
              "uuid": "bd1439cd-4465-4d06-b1ee-103838a69bc2",
              "parentUUID": "88b72952-d6cd-4a2a-a6c4-9481b46e6270",
              "isHook": false,
              "skipped": false
            },
            {
              "title": "O botão deve possuir o texto `Cores aleatórias`",
              "fullTitle": "4 - Adicione um botão para gerar cores aleatórias para a paleta de cores O botão deve possuir o texto `Cores aleatórias`",
              "timedOut": null,
              "duration": 98,
              "state": "passed",
              "speed": "slow",
              "pass": true,
              "fail": false,
              "pending": false,
              "context": null,
              "code": "cy.get('#button-random-color').contains('Cores aleatórias');",
              "err": {},
              "uuid": "e803604f-8319-4534-8ddf-e3b85c1ab171",
              "parentUUID": "88b72952-d6cd-4a2a-a6c4-9481b46e6270",
              "isHook": false,
              "skipped": false
            },
            {
              "title": "As cores geradas na paleta são diferentes a cada click do botão.",
              "fullTitle": "4 - Adicione um botão para gerar cores aleatórias para a paleta de cores As cores geradas na paleta são diferentes a cada click do botão.",
              "timedOut": null,
              "duration": 448,
              "state": "passed",
              "speed": "slow",
              "pass": true,
              "fail": false,
              "pending": false,
              "context": null,
              "code": "cy.get('.color').then(function (colors) {\n  var currentColors;\n  var previousColors;\n  previousColors = Array.from(colors).map(function (color) {\n    return Cypress.$(color).css('background-color');\n  });\n  for (var i = 0; i < 5; i += 1) {\n    cy.get('#button-random-color').click();\n    cy.get('.color').then(function (colors) {\n      currentColors = Array.from(colors).map(function (color) {\n        return Cypress.$(color).css('background-color');\n      });\n      expect(currentColors).not.to.deep.equal(previousColors);\n      previousColors = currentColors;\n    });\n  }\n});",
              "err": {},
              "uuid": "011fbe03-7d0f-4d41-9647-e6af472ed7d4",
              "parentUUID": "88b72952-d6cd-4a2a-a6c4-9481b46e6270",
              "isHook": false,
              "skipped": false
            },
            {
              "title": "A cor preta deve ser a primeira na sua paleta de cores",
              "fullTitle": "4 - Adicione um botão para gerar cores aleatórias para a paleta de cores A cor preta deve ser a primeira na sua paleta de cores",
              "timedOut": null,
              "duration": 464,
              "state": "passed",
              "speed": "slow",
              "pass": true,
              "fail": false,
              "pending": false,
              "context": null,
              "code": "cy.get('.color').then(function (colors) {\n  var currentColors;\n  var previousColors;\n  previousColors = Array.from(colors).map(function (color) {\n    return Cypress.$(color).css('background-color');\n  });\n  expect(previousColors[0]).to.eq(BLACK);\n  for (var i = 0; i < 5; i += 1) {\n    cy.get('#button-random-color').click();\n    cy.get('.color').then(function (colors) {\n      currentColors = Array.from(colors).map(function (color) {\n        return Cypress.$(color).css('background-color');\n      });\n      expect(currentColors[0]).to.eq(BLACK);\n      expect(currentColors).not.to.deep.equal(previousColors);\n      previousColors = currentColors;\n    });\n  }\n});",
              "err": {},
              "uuid": "d83a88d2-09fe-45d3-a8e1-a5bce175fff0",
              "parentUUID": "88b72952-d6cd-4a2a-a6c4-9481b46e6270",
              "isHook": false,
              "skipped": false
            }
          ],
          "suites": [],
          "passes": [
            "bd1439cd-4465-4d06-b1ee-103838a69bc2",
            "e803604f-8319-4534-8ddf-e3b85c1ab171",
            "011fbe03-7d0f-4d41-9647-e6af472ed7d4",
            "d83a88d2-09fe-45d3-a8e1-a5bce175fff0"
          ],
          "failures": [],
          "pending": [],
          "skipped": [],
          "duration": 1073,
          "root": false,
          "rootEmpty": false,
          "_timeout": 2000
        },
        {
          "uuid": "8efe952d-9e2e-459a-8396-9826f0cb0351",
          "title": "5 - Implemente uma função usando localStorage para que a paleta de cores gerada aleatoriamente seja mantida após recarregar a página",
          "fullFile": "",
          "file": "",
          "beforeHooks": [],
          "afterHooks": [],
          "tests": [
            {
              "title": "A paleta gerada deve ser salva no localStorage com a chave `colorPalette`",
              "fullTitle": "5 - Implemente uma função usando localStorage para que a paleta de cores gerada aleatoriamente seja mantida após recarregar a página A paleta gerada deve ser salva no localStorage com a chave `colorPalette`",
              "timedOut": null,
              "duration": 4374,
              "state": "failed",
              "speed": null,
              "pass": false,
              "fail": true,
              "pending": false,
              "context": null,
              "code": "cy.get('#button-random-color').click().should(function () {\n  expect(localStorage.getItem('colorPalette')).to.not.equal(null);\n});",
              "err": {
                "message": "CypressError: Timed out retrying: expected null to not equal null",
                "estack": "CypressError: Timed out retrying: expected null to not equal null\n    at cypressErr (http://localhost:49803/__cypress/runner/cypress_runner.js:149934:9)\n    at throwErr (http://localhost:49803/__cypress/runner/cypress_runner.js:149867:11)\n    at Object.throwErrByPath (http://localhost:49803/__cypress/runner/cypress_runner.js:149915:3)\n    at retry (http://localhost:49803/__cypress/runner/cypress_runner.js:144197:19)\n    at onFailFn (http://localhost:49803/__cypress/runner/cypress_runner.js:132448:16)\n    at tryCatcher (http://localhost:49803/__cypress/runner/cypress_runner.js:167415:23)\n    at Promise._settlePromiseFromHandler (http://localhost:49803/__cypress/runner/cypress_runner.js:165351:31)\n    at Promise._settlePromise (http://localhost:49803/__cypress/runner/cypress_runner.js:165408:18)\n    at Promise._settlePromise0 (http://localhost:49803/__cypress/runner/cypress_runner.js:165453:10)\n    at Promise._settlePromises (http://localhost:49803/__cypress/runner/cypress_runner.js:165528:18)\n    at Async../node_modules/bluebird/js/release/async.js.Async._drainQueue (http://localhost:49803/__cypress/runner/cypress_runner.js:162140:16)\n    at Async../node_modules/bluebird/js/release/async.js.Async._drainQueues (http://localhost:49803/__cypress/runner/cypress_runner.js:162150:10)\n    at Async.drainQueues (http://localhost:49803/__cypress/runner/cypress_runner.js:162024:14)",
                "diff": null
              },
              "uuid": "3d6422d3-2426-464a-8adb-f998f9cbc140",
              "parentUUID": "8efe952d-9e2e-459a-8396-9826f0cb0351",
              "isHook": false,
              "skipped": false
            },
            {
              "title": "A paleta gerada deve ser mantida ao recarregar a página",
              "fullTitle": "5 - Implemente uma função usando localStorage para que a paleta de cores gerada aleatoriamente seja mantida após recarregar a página A paleta gerada deve ser mantida ao recarregar a página",
              "timedOut": null,
              "duration": 453,
              "state": "failed",
              "speed": null,
              "pass": false,
              "fail": true,
              "pending": false,
              "context": null,
              "code": "cy.get('#button-random-color').click();\ncy.get('.color').then(function (colors) {\n  var currentColors;\n  var previousColors;\n  previousColors = Array.from(colors).map(function (color) {\n    return Cypress.$(color).css('background-color');\n  });\n  cy.reload();\n  cy.get('.color').then(function (colorsAfter) {\n    currentColors = Array.from(colorsAfter).map(function (colorAfter) {\n      return Cypress.$(colorAfter).css('background-color');\n    });\n    expect(currentColors).to.deep.equal(previousColors);\n  });\n});",
              "err": {
                "message": "Uncaught Error: Script error.\n\nCypress detected that an uncaught error was thrown from a cross origin script.\n\nWe cannot provide you the stack trace, line number, or file where this error occurred.\n\nCheck your Developer Tools Console for the actual error - it should be printed there.\n\nIt's possible to enable debugging these scripts by adding the 'crossorigin' attribute and setting a CORS header.\n\nhttps://on.cypress.io/cross-origin-script-error\n\nThis error originated from your application code, not from Cypress.\n\nWhen Cypress detects uncaught errors originating from your application it will automatically fail the current test.\n\nThis behavior is configurable, and you can choose to turn this off by listening to the 'uncaught:exception' event.\n\nhttps://on.cypress.io/uncaught-exception-from-application",
                "estack": "Uncaught Error: Script error.\n\nCypress detected that an uncaught error was thrown from a cross origin script.\n\nWe cannot provide you the stack trace, line number, or file where this error occurred.\n\nCheck your Developer Tools Console for the actual error - it should be printed there.\n\nIt's possible to enable debugging these scripts by adding the 'crossorigin' attribute and setting a CORS header.\n\nhttps://on.cypress.io/cross-origin-script-error\n\nThis error originated from your application code, not from Cypress.\n\nWhen Cypress detects uncaught errors originating from your application it will automatically fail the current test.\n\nThis behavior is configurable, and you can choose to turn this off by listening to the 'uncaught:exception' event.\n\nhttps://on.cypress.io/uncaught-exception-from-application\n    at createErrFromMsg (http://localhost:49803/__cypress/runner/cypress_runner.js:141831:14)\n    at Object.createUncaughtException (http://localhost:49803/__cypress/runner/cypress_runner.js:141836:13)\n    at Object.onUncaughtException (http://localhost:49803/__cypress/runner/cypress_runner.js:149079:24)\n    at onError (http://localhost:49803/__cypress/runner/cypress_runner.js:148176:39)",
                "diff": null
              },
              "uuid": "85253ec2-7b9c-487d-8538-152de2181d31",
              "parentUUID": "8efe952d-9e2e-459a-8396-9826f0cb0351",
              "isHook": false,
              "skipped": false
            }
          ],
          "suites": [],
          "passes": [],
          "failures": [
            "3d6422d3-2426-464a-8adb-f998f9cbc140",
            "85253ec2-7b9c-487d-8538-152de2181d31"
          ],
          "pending": [],
          "skipped": [],
          "duration": 4827,
          "root": false,
          "rootEmpty": false,
          "_timeout": 2000
        },
        {
          "uuid": "814d3044-6bed-4e8c-8271-7dfcf42c1d1b",
          "title": "6 - Adicione à página um quadro contendo 25 pixels",
          "fullFile": "",
          "file": "",
          "beforeHooks": [],
          "afterHooks": [],
          "tests": [
            {
              "title": "Verifica se o quadro de pixels possui o `id` denominado `pixel-board`",
              "fullTitle": "6 - Adicione à página um quadro contendo 25 pixels Verifica se o quadro de pixels possui o `id` denominado `pixel-board`",
              "timedOut": null,
              "duration": 64,
              "state": "passed",
              "speed": "medium",
              "pass": true,
              "fail": false,
              "pending": false,
              "context": null,
              "code": "cy.get('#pixel-board').should('be.visible');",
              "err": {},
              "uuid": "62134c6b-575c-4b21-af2c-865c24674faf",
              "parentUUID": "814d3044-6bed-4e8c-8271-7dfcf42c1d1b",
              "isHook": false,
              "skipped": false
            },
            {
              "title": "Verifica se cada pixel individual dentro do quadro possui a `classe` denominada `pixel`.",
              "fullTitle": "6 - Adicione à página um quadro contendo 25 pixels Verifica se cada pixel individual dentro do quadro possui a `classe` denominada `pixel`.",
              "timedOut": null,
              "duration": 95,
              "state": "passed",
              "speed": "slow",
              "pass": true,
              "fail": false,
              "pending": false,
              "context": null,
              "code": "cy.get('.pixel').should('have.length', 25);",
              "err": {},
              "uuid": "f9be56b7-99d5-4c0c-b7d0-9fa68b19c03e",
              "parentUUID": "814d3044-6bed-4e8c-8271-7dfcf42c1d1b",
              "isHook": false,
              "skipped": false
            },
            {
              "title": "Verifica se a cor inicial dos pixels dentro do quadro, ao abrir a página, é branca.",
              "fullTitle": "6 - Adicione à página um quadro contendo 25 pixels Verifica se a cor inicial dos pixels dentro do quadro, ao abrir a página, é branca.",
              "timedOut": null,
              "duration": 111,
              "state": "passed",
              "speed": "slow",
              "pass": true,
              "fail": false,
              "pending": false,
              "context": null,
              "code": "cy.get('.pixel').should('have.length', 25).each(function (pixel) {\n  expect(pixel).to.have.css('background-color', WHITE);\n});",
              "err": {},
              "uuid": "fb5f6257-d717-42c2-b2be-eaeeb54080e6",
              "parentUUID": "814d3044-6bed-4e8c-8271-7dfcf42c1d1b",
              "isHook": false,
              "skipped": false
            },
            {
              "title": "Verifica se o quadro de pixels aparece abaixo da paleta de cores",
              "fullTitle": "6 - Adicione à página um quadro contendo 25 pixels Verifica se o quadro de pixels aparece abaixo da paleta de cores",
              "timedOut": null,
              "duration": 4372,
              "state": "failed",
              "speed": null,
              "pass": false,
              "fail": true,
              "pending": false,
              "context": null,
              "code": "cy.get('#color-palette').then(function (palette) {\n  cy.get('#pixel-board').should('be.belowOf', palette);\n});",
              "err": {
                "message": "CypressError: Timed out retrying: expected '<section#pixel-board>' to be below of { Object (0, length, ...) }",
                "estack": "CypressError: Timed out retrying: expected '<section#pixel-board>' to be below of { Object (0, length, ...) }\n    at cypressErr (http://localhost:49803/__cypress/runner/cypress_runner.js:149934:9)\n    at throwErr (http://localhost:49803/__cypress/runner/cypress_runner.js:149867:11)\n    at Object.throwErrByPath (http://localhost:49803/__cypress/runner/cypress_runner.js:149915:3)\n    at retry (http://localhost:49803/__cypress/runner/cypress_runner.js:144197:19)\n    at onFailFn (http://localhost:49803/__cypress/runner/cypress_runner.js:132448:16)\n    at tryCatcher (http://localhost:49803/__cypress/runner/cypress_runner.js:167415:23)\n    at Promise._settlePromiseFromHandler (http://localhost:49803/__cypress/runner/cypress_runner.js:165351:31)\n    at Promise._settlePromise (http://localhost:49803/__cypress/runner/cypress_runner.js:165408:18)\n    at Promise._settlePromise0 (http://localhost:49803/__cypress/runner/cypress_runner.js:165453:10)\n    at Promise._settlePromises (http://localhost:49803/__cypress/runner/cypress_runner.js:165528:18)\n    at Async../node_modules/bluebird/js/release/async.js.Async._drainQueue (http://localhost:49803/__cypress/runner/cypress_runner.js:162140:16)\n    at Async../node_modules/bluebird/js/release/async.js.Async._drainQueues (http://localhost:49803/__cypress/runner/cypress_runner.js:162150:10)\n    at Async.drainQueues (http://localhost:49803/__cypress/runner/cypress_runner.js:162024:14)",
                "diff": null
              },
              "uuid": "1c35fe40-7e19-4f87-a52d-f2719ca53540",
              "parentUUID": "814d3044-6bed-4e8c-8271-7dfcf42c1d1b",
              "isHook": false,
              "skipped": false
            }
          ],
          "suites": [],
          "passes": [
            "62134c6b-575c-4b21-af2c-865c24674faf",
            "f9be56b7-99d5-4c0c-b7d0-9fa68b19c03e",
            "fb5f6257-d717-42c2-b2be-eaeeb54080e6"
          ],
          "failures": [
            "1c35fe40-7e19-4f87-a52d-f2719ca53540"
          ],
          "pending": [],
          "skipped": [],
          "duration": 4642,
          "root": false,
          "rootEmpty": false,
          "_timeout": 2000
        },
        {
          "uuid": "aec32ad3-4791-442c-9a0e-425bdb5ab2af",
          "title": "7 - Faça com que cada elemento do quadro de pixels possua 40 pixels de largura, 40 pixels de altura e seja delimitado por uma borda preta de 1 pixel",
          "fullFile": "",
          "file": "",
          "beforeHooks": [],
          "afterHooks": [],
          "tests": [
            {
              "title": "Verifica se o quadro de pixels tem altura e comprimento de 5 elementos",
              "fullTitle": "7 - Faça com que cada elemento do quadro de pixels possua 40 pixels de largura, 40 pixels de altura e seja delimitado por uma borda preta de 1 pixel Verifica se o quadro de pixels tem altura e comprimento de 5 elementos",
              "timedOut": null,
              "duration": 179,
              "state": "passed",
              "speed": "slow",
              "pass": true,
              "fail": false,
              "pending": false,
              "context": null,
              "code": "cy.get('.pixel').should('have.length', 25).each(function (pixel) {\n  expect(pixel).to.have.css('background-color', WHITE);\n}).and(function (pixels) {\n  var rows = chunk(pixels, 5);\n  rows.forEach(function (row) {\n    for (var index = 1; index < row.length; index += 1) {\n      var current = pixels[index];\n      var previous = pixels[index - 1];\n      cy.wrap(current).should('be.onTheRightOf', previous).and('be.horizontallyAlignedWith', previous);\n    }\n  });\n  for (var index = 1; index < 5; index += 1) {\n    expect(pixels[index * 5]).to.be.belowOf(pixels[(index - 1) * 5]);\n  }\n});",
              "err": {},
              "uuid": "a4774583-4510-4ac3-b785-f3194ff2adac",
              "parentUUID": "aec32ad3-4791-442c-9a0e-425bdb5ab2af",
              "isHook": false,
              "skipped": false
            },
            {
              "title": "Verifica se 40 pixels é o tamanho total do elemento, incluindo seu conteúdo e excluindo a borda preta, que deve ser criada à parte.",
              "fullTitle": "7 - Faça com que cada elemento do quadro de pixels possua 40 pixels de largura, 40 pixels de altura e seja delimitado por uma borda preta de 1 pixel Verifica se 40 pixels é o tamanho total do elemento, incluindo seu conteúdo e excluindo a borda preta, que deve ser criada à parte.",
              "timedOut": null,
              "duration": 145,
              "state": "passed",
              "speed": "slow",
              "pass": true,
              "fail": false,
              "pending": false,
              "context": null,
              "code": "cy.get('.pixel').each(function (pixel) {\n  cy.wrap(pixel).should('have.css', 'height', '40px').and('have.css', 'width', '40px').and('have.css', 'border', \"1px solid \".concat(BLACK));\n});",
              "err": {},
              "uuid": "a45de1b2-d277-4508-931f-191905ecf7f4",
              "parentUUID": "aec32ad3-4791-442c-9a0e-425bdb5ab2af",
              "isHook": false,
              "skipped": false
            }
          ],
          "suites": [],
          "passes": [
            "a4774583-4510-4ac3-b785-f3194ff2adac",
            "a45de1b2-d277-4508-931f-191905ecf7f4"
          ],
          "failures": [],
          "pending": [],
          "skipped": [],
          "duration": 324,
          "root": false,
          "rootEmpty": false,
          "_timeout": 2000
        },
        {
          "uuid": "f028dba1-83cb-4c64-8fbe-f4e691d9033b",
          "title": "8 - Defina a cor preta como cor inicial da paleta de cores. Ao carregar a página a cor preta já deve estar selecionada para pintar os pixels",
          "fullFile": "",
          "file": "",
          "beforeHooks": [],
          "afterHooks": [],
          "tests": [
            {
              "title": "Verifica se o elemento da cor preta possui, inicialmente, a `classe` `selected`",
              "fullTitle": "8 - Defina a cor preta como cor inicial da paleta de cores. Ao carregar a página a cor preta já deve estar selecionada para pintar os pixels Verifica se o elemento da cor preta possui, inicialmente, a `classe` `selected`",
              "timedOut": null,
              "duration": 4296,
              "state": "failed",
              "speed": null,
              "pass": false,
              "fail": true,
              "pending": false,
              "context": null,
              "code": "cy.get('.selected').first().should('have.css', 'background-color', BLACK);",
              "err": {
                "message": "CypressError: Timed out retrying: Expected to find element: '.selected', but never found it.",
                "estack": "CypressError: Timed out retrying: Expected to find element: '.selected', but never found it.\n    at cypressErr (http://localhost:49803/__cypress/runner/cypress_runner.js:149934:9)\n    at throwErr (http://localhost:49803/__cypress/runner/cypress_runner.js:149867:11)\n    at Object.throwErrByPath (http://localhost:49803/__cypress/runner/cypress_runner.js:149915:3)\n    at retry (http://localhost:49803/__cypress/runner/cypress_runner.js:144197:19)\n    at onFailFn (http://localhost:49803/__cypress/runner/cypress_runner.js:132448:16)\n    at tryCatcher (http://localhost:49803/__cypress/runner/cypress_runner.js:167415:23)\n    at Promise._settlePromiseFromHandler (http://localhost:49803/__cypress/runner/cypress_runner.js:165351:31)\n    at Promise._settlePromise (http://localhost:49803/__cypress/runner/cypress_runner.js:165408:18)\n    at Promise._settlePromise0 (http://localhost:49803/__cypress/runner/cypress_runner.js:165453:10)\n    at Promise._settlePromises (http://localhost:49803/__cypress/runner/cypress_runner.js:165528:18)\n    at Async../node_modules/bluebird/js/release/async.js.Async._drainQueue (http://localhost:49803/__cypress/runner/cypress_runner.js:162140:16)\n    at Async../node_modules/bluebird/js/release/async.js.Async._drainQueues (http://localhost:49803/__cypress/runner/cypress_runner.js:162150:10)\n    at Async.drainQueues (http://localhost:49803/__cypress/runner/cypress_runner.js:162024:14)",
                "diff": null
              },
              "uuid": "b652e560-4162-4592-b5b8-762e068afbe5",
              "parentUUID": "f028dba1-83cb-4c64-8fbe-f4e691d9033b",
              "isHook": false,
              "skipped": false
            },
            {
              "title": "Verifica se nenhuma outra cor da paleta tem a `classe` `selected`",
              "fullTitle": "8 - Defina a cor preta como cor inicial da paleta de cores. Ao carregar a página a cor preta já deve estar selecionada para pintar os pixels Verifica se nenhuma outra cor da paleta tem a `classe` `selected`",
              "timedOut": null,
              "duration": 90,
              "state": "passed",
              "speed": "slow",
              "pass": true,
              "fail": false,
              "pending": false,
              "context": null,
              "code": "cy.get('.color:not(:first-of-type)').each(function (color) {\n  cy.wrap(color).should('not.have.class', 'selected');\n});",
              "err": {},
              "uuid": "6049b3d0-77f5-4580-81f6-51369dd8dbae",
              "parentUUID": "f028dba1-83cb-4c64-8fbe-f4e691d9033b",
              "isHook": false,
              "skipped": false
            }
          ],
          "suites": [],
          "passes": [
            "6049b3d0-77f5-4580-81f6-51369dd8dbae"
          ],
          "failures": [
            "b652e560-4162-4592-b5b8-762e068afbe5"
          ],
          "pending": [],
          "skipped": [],
          "duration": 4386,
          "root": false,
          "rootEmpty": false,
          "_timeout": 2000
        },
        {
          "uuid": "4231e370-321f-4c08-87ef-7ca060599814",
          "title": "9 - Crie uma função para selecionar uma cor na paleta de cores e preencher os pixels no quadro",
          "fullFile": "",
          "file": "",
          "beforeHooks": [],
          "afterHooks": [],
          "tests": [
            {
              "title": "Verifica se somente uma cor da paleta de cores tem a classe `selected` de cada vez",
              "fullTitle": "9 - Crie uma função para selecionar uma cor na paleta de cores e preencher os pixels no quadro Verifica se somente uma cor da paleta de cores tem a classe `selected` de cada vez",
              "timedOut": null,
              "duration": 396,
              "state": "failed",
              "speed": null,
              "pass": false,
              "fail": true,
              "pending": false,
              "context": null,
              "code": "cy.get('.color').each(function (selectedColor, selectedColorIndex) {\n  cy.wrap(selectedColor).click();\n  cy.get('.color').each(function (color, colorIndex) {\n    if (colorIndex === selectedColorIndex) {\n      expect(color).to.have[\"class\"]('selected');\n    } else {\n      expect(color).not.to.have[\"class\"]('selected');\n    }\n  });\n});",
              "err": {
                "message": "AssertionError: expected '<button.color>' to have class 'selected'",
                "estack": "AssertionError: expected '<button.color>' to have class 'selected'\n    at callback (http://localhost:49803/__cypress/runner/cypress_runner.js:136947:20)\n    at getRet (http://localhost:49803/__cypress/runner/cypress_runner.js:136585:16)\n    at tryCatcher (http://localhost:49803/__cypress/runner/cypress_runner.js:167415:23)\n    at Function.Promise.attempt.Promise.try (http://localhost:49803/__cypress/runner/cypress_runner.js:164690:29)\n    at thenFn (http://localhost:49803/__cypress/runner/cypress_runner.js:136599:23)\n    at yieldItem (http://localhost:49803/__cypress/runner/cypress_runner.js:136954:16)\n    at tryCatcher (http://localhost:49803/__cypress/runner/cypress_runner.js:167415:23)\n    at Object.gotValue (http://localhost:49803/__cypress/runner/cypress_runner.js:166557:18)\n    at Object.gotAccum (http://localhost:49803/__cypress/runner/cypress_runner.js:166546:25)\n    at Object.tryCatcher (http://localhost:49803/__cypress/runner/cypress_runner.js:167415:23)\n    at Promise._settlePromiseFromHandler (http://localhost:49803/__cypress/runner/cypress_runner.js:165351:31)\n    at Promise._settlePromise (http://localhost:49803/__cypress/runner/cypress_runner.js:165408:18)\n    at Promise._settlePromiseCtx (http://localhost:49803/__cypress/runner/cypress_runner.js:165445:10)\n    at Async../node_modules/bluebird/js/release/async.js.Async._drainQueue (http://localhost:49803/__cypress/runner/cypress_runner.js:162145:12)\n    at Async../node_modules/bluebird/js/release/async.js.Async._drainQueues (http://localhost:49803/__cypress/runner/cypress_runner.js:162150:10)\n    at Async.drainQueues (http://localhost:49803/__cypress/runner/cypress_runner.js:162024:14)",
                "diff": "- { '0': <button class=\"color\" style=\"background-color:black;\"></button>,\n-   length: 1,\n-   jquery: '3.1.1',\n-   constructor: \n-    { [Function: jQuery]\n-      fn: \n-       { jquery: '3.1.1',\n-         constructor: [Circular],\n-         length: 0,\n-         toArray: [Function: toArray],\n-         get: [Function: get],\n-         pushStack: [Function: pushStack],\n-         each: [Function: each],\n-         map: [Function: map],\n-         slice: [Function: slice],\n-         first: [Function: first],\n-         last: [Function: last],\n-         eq: [Function: eq],\n-         end: [Function: end],\n-         push: [Function: push],\n-         sort: [Function: sort],\n-         splice: [Function: splice],\n-         extend: [Function],\n-         find: [Function: find],\n-         filter: [Function: filter],\n-         not: [Function: not],\n-         is: [Function: is],\n-         init: [Function],\n-         has: [Function: has],\n-         closest: [Function: closest],\n-         index: [Function: index],\n-         add: [Function: add],\n-         addBack: [Function: addBack],\n-         parent: [Function],\n-         parents: [Function],\n-         parentsUntil: [Function],\n-         next: [Function],\n-         prev: [Function],\n-         nextAll: [Function],\n-         prevAll: [Function],\n-         nextUntil: [Function],\n-         prevUntil: [Function],\n-         siblings: [Function],\n-         children: [Function],\n-         contents: [Function],\n-         ready: [Function],\n-         data: [Function: data],\n-         removeData: [Function: removeData],\n-         queue: [Function: queue],\n-         dequeue: [Function: dequeue],\n-         clearQueue: [Function: clearQueue],\n-         promise: [Function: promise],\n-         show: [Function],\n-         hide: [Function],\n-         toggle: [Function],\n-         on: [Function: on],\n-         one: [Function: one],\n-         off: [Function: off],\n-         detach: [Function: detach],\n-         remove: [Function: remove],\n-         text: [Function: text],\n-         append: [Function: append],\n-         prepend: [Function: prepend],\n-         before: [Function: before],\n-         after: [Function: after],\n-         empty: [Function: empty],\n-         clone: [Function: clone],\n-         html: [Function: html],\n-         replaceWith: [Function: replaceWith],\n-         appendTo: [Function],\n-         prependTo: [Function],\n-         insertBefore: [Function],\n-         insertAfter: [Function],\n-         replaceAll: [Function],\n-         css: [Function: css],\n-         fadeTo: [Function: fadeTo],\n-         animate: [Function: animate],\n-         stop: [Function: stop],\n-         finish: [Function: finish],\n-         slideDown: [Function],\n-         slideUp: [Function],\n-         slideToggle: [Function],\n-         fadeIn: [Function],\n-         fadeOut: [Function],\n-         fadeToggle: [Function],\n-         delay: [Function],\n-         attr: [Function: attr],\n-         removeAttr: [Function: removeAttr],\n-         prop: [Function: prop],\n-         removeProp: [Function: removeProp],\n-         addClass: [Function: addClass],\n-         removeClass: [Function: removeClass],\n-         toggleClass: [Function: toggleClass],\n-         hasClass: [Function: hasClass],\n-         val: [Function: val],\n-         trigger: [Function: trigger],\n-         triggerHandler: [Function: triggerHandler],\n-         blur: [Function],\n-         focus: [Function],\n-         focusin: [Function],\n-         focusout: [Function],\n-         resize: [Function],\n-         scroll: [Function],\n-         click: [Function],\n-         dblclick: [Function],\n-         mousedown: [Function],\n-         mouseup: [Function],\n-         mousemove: [Function],\n-         mouseover: [Function],\n-         mouseout: [Function],\n-         mouseenter: [Function],\n-         mouseleave: [Function],\n-         change: [Function],\n-         select: [Function],\n-         submit: [Function],\n-         keydown: [Function],\n-         keypress: [Function],\n-         keyup: [Function],\n-         contextmenu: [Function],\n-         hover: [Function: hover],\n-         serialize: [Function: serialize],\n-         serializeArray: [Function: serializeArray],\n-         wrapAll: [Function: wrapAll],\n-         wrapInner: [Function: wrapInner],\n-         wrap: [Function: wrap],\n-         unwrap: [Function: unwrap],\n-         load: [Function],\n-         ajaxStart: [Function],\n-         ajaxStop: [Function],\n-         ajaxComplete: [Function],\n-         ajaxError: [Function],\n-         ajaxSuccess: [Function],\n-         ajaxSend: [Function],\n-         offset: [Function: offset],\n-         position: [Function: position],\n-         offsetParent: [Function: offsetParent],\n-         scrollLeft: [Function],\n-         scrollTop: [Function],\n-         innerHeight: [Function],\n-         height: [Function],\n-         outerHeight: [Function],\n-         innerWidth: [Function],\n-         width: [Function],\n-         outerWidth: [Function],\n-         bind: [Function: bind],\n-         unbind: [Function: unbind],\n-         delegate: [Function: delegate],\n-         undelegate: [Function: undelegate],\n-         scrollTo: [Function] },\n-      extend: [Function],\n-      expando: 'jQuery311007244834791601074',\n-      isReady: true,\n-      error: [Function: error],\n-      noop: [Function: noop],\n-      isFunction: [Function: isFunction],\n-      isArray: [Function: isArray],\n-      isWindow: [Function: isWindow],\n-      isNumeric: [Function: isNumeric],\n-      isPlainObject: [Function: isPlainObject],\n-      isEmptyObject: [Function: isEmptyObject],\n-      type: [Function: type],\n-      globalEval: [Function: globalEval],\n-      camelCase: [Function: camelCase],\n-      nodeName: [Function: nodeName],\n-      each: [Function: each],\n-      trim: [Function: trim],\n-      makeArray: [Function: makeArray],\n-      inArray: [Function: inArray],\n-      merge: [Function: merge],\n-      grep: [Function: grep],\n-      map: [Function: map],\n-      guid: 7,\n-      proxy: [Function: proxy],\n-      now: [Function: now],\n-      support: \n-       { checkClone: true,\n-         noCloneChecked: true,\n-         clearCloneStyle: true,\n-         pixelPosition: [Function: pixelPosition],\n-         boxSizingReliable: [Function: boxSizingReliable],\n-         pixelMarginRight: [Function: pixelMarginRight],\n-         reliableMarginLeft: [Function: reliableMarginLeft],\n-         checkOn: true,\n-         optSelected: true,\n-         radioValue: true,\n-         focusin: false,\n-         cors: true,\n-         ajax: true,\n-         createHTMLDocument: true },\n-      find: \n-       { [Function: Sizzle]\n-         support: [Object],\n-         isXML: [Function],\n-         setDocument: [Function],\n-         matches: [Function],\n-         matchesSelector: [Function],\n-         contains: [Function],\n-         attr: [Function],\n-         escape: [Function],\n-         error: [Function],\n-         uniqueSort: [Function],\n-         getText: [Function],\n-         selectors: [Object],\n-         tokenize: [Function],\n-         compile: [Function],\n-         select: [Function] },\n-      expr: \n-       { cacheLength: 1,\n-         createPseudo: [Function: markFunction],\n-         match: [Object],\n-         attrHandle: [Object],\n-         find: [Object],\n-         relative: [Object],\n-         preFilter: [Object],\n-         filter: [Object],\n-         pseudos: [Object],\n-         filters: [Object],\n-         setFilters: [Object],\n-         ':': [Object] },\n-      unique: [Function],\n-      uniqueSort: [Function],\n-      text: [Function],\n-      isXMLDoc: [Function],\n-      contains: [Function],\n-      escapeSelector: [Function],\n-      filter: [Function],\n-      Callbacks: [Function],\n-      Deferred: { [Function: Deferred] exceptionHook: [Function] },\n-      when: [Function: when],\n-      readyException: [Function],\n-      readyWait: 0,\n-      holdReady: [Function: holdReady],\n-      ready: { [Function: ready] then: [Function: then] },\n-      hasData: [Function: hasData],\n-      data: [Function: data],\n-      removeData: [Function: removeData],\n-      _data: [Function: _data],\n-      _removeData: [Function: _removeData],\n-      queue: [Function: queue],\n-      dequeue: [Function: dequeue],\n-      _queueHooks: [Function: _queueHooks],\n-      event: \n-       { global: [Object],\n-         add: [Function: add],\n-         remove: [Function: remove],\n-         dispatch: [Function: dispatch],\n-         handlers: [Function: handlers],\n-         addProp: [Function: addProp],\n-         fix: [Function: fix],\n-         special: [Object],\n-         trigger: [Function: trigger],\n-         simulate: [Function: simulate] },\n-      removeEvent: [Function],\n-      Event: [Function],\n-      htmlPrefilter: [Function: htmlPrefilter],\n-      clone: [Function: clone],\n-      cleanData: [Function: cleanData],\n-      cssHooks: \n-       { opacity: [Object],\n-         height: [Object],\n-         width: [Object],\n-         marginLeft: [Object],\n-         margin: [Object],\n-         padding: [Object],\n-         borderWidth: [Object],\n-         top: [Object],\n-         left: [Object] },\n-      cssNumber: \n-       { animationIterationCount: true,\n-         columnCount: true,\n-         fillOpacity: true,\n-         flexGrow: true,\n-         flexShrink: true,\n-         fontWeight: true,\n-         lineHeight: true,\n-         opacity: true,\n-         order: true,\n-         orphans: true,\n-         widows: true,\n-         zIndex: true,\n-         zoom: true },\n-      cssProps: \n-       { float: 'cssFloat',\n-         width: 'width',\n-         display: 'display',\n-         boxSizing: 'boxSizing',\n-         height: 'height',\n-         overflow: 'overflow',\n-         overflowY: 'overflowY',\n-         overflowX: 'overflowX',\n-         visibility: 'visibility',\n-         position: 'position',\n-         backgroundColor: 'backgroundColor',\n-         border: 'border',\n-         paddingRight: 'paddingRight',\n-         borderRightWidth: 'borderRightWidth',\n-         paddingLeft: 'paddingLeft',\n-         borderLeftWidth: 'borderLeftWidth',\n-         paddingTop: 'paddingTop',\n-         borderTopWidth: 'borderTopWidth',\n-         paddingBottom: 'paddingBottom',\n-         borderBottomWidth: 'borderBottomWidth' },\n-      style: [Function: style],\n-      css: [Function: css],\n-      Tween: { [Function: Tween] propHooks: [Object] },\n-      easing: \n-       { linear: [Function: linear],\n-         swing: [Function: swing],\n-         _default: 'swing' },\n-      fx: \n-       { [Function: init]\n-         step: {},\n-         tick: [Function],\n-         timer: [Function],\n-         interval: 13,\n-         start: [Function],\n-         stop: [Function],\n-         speeds: [Object] },\n-      Animation: \n-       { [Function: Animation]\n-         tweeners: [Object],\n-         tweener: [Function: tweener],\n-         prefilters: [Object],\n-         prefilter: [Function: prefilter] },\n-      speed: [Function],\n-      timers: [],\n-      attr: [Function: attr],\n-      attrHooks: { type: [Object] },\n-      removeAttr: [Function: removeAttr],\n-      prop: [Function: prop],\n-      propHooks: { tabIndex: [Object] },\n-      propFix: \n-       { for: 'htmlFor',\n-         class: 'className',\n-         tabindex: 'tabIndex',\n-         readonly: 'readOnly',\n-         maxlength: 'maxLength',\n-         cellspacing: 'cellSpacing',\n-         cellpadding: 'cellPadding',\n-         rowspan: 'rowSpan',\n-         colspan: 'colSpan',\n-         usemap: 'useMap',\n-         frameborder: 'frameBorder',\n-         contenteditable: 'contentEditable' },\n-      valHooks: \n-       { option: [Object],\n-         select: [Object],\n-         radio: [Object],\n-         checkbox: [Object] },\n-      parseXML: [Function],\n-      param: [Function],\n-      active: 0,\n-      lastModified: {},\n-      etag: {},\n-      ajaxSettings: \n-       { url: 'http://localhost:49803/__/#/tests/integration/project.spec.js',\n-         type: 'GET',\n-         isLocal: false,\n-         global: true,\n-         processData: true,\n-         async: true,\n-         contentType: 'application/x-www-form-urlencoded; charset=UTF-8',\n-         accepts: [Object],\n-         contents: [Object],\n-         responseFields: [Object],\n-         converters: [Object],\n-         flatOptions: [Object],\n-         xhr: [Function],\n-         jsonp: 'callback',\n-         jsonpCallback: [Function: jsonpCallback],\n-         cache: false },\n-      ajaxSetup: [Function: ajaxSetup],\n-      ajaxPrefilter: [Function],\n-      ajaxTransport: [Function],\n-      ajax: [Function: ajax],\n-      getJSON: [Function: getJSON],\n-      getScript: [Function: getScript],\n-      get: [Function],\n-      post: [Function],\n-      _evalUrl: [Function],\n-      parseHTML: [Function],\n-      offset: { setOffset: [Function: setOffset] },\n-      parseJSON: [Function: parse],\n-      noConflict: [Function],\n-      scrollTo: { [Function] defaults: [Object], max: [Function] } },\n-   toArray: [Function: toArray],\n-   get: [Function: get],\n-   pushStack: [Function: pushStack],\n-   each: [Function: each],\n-   map: [Function: map],\n-   slice: [Function: slice],\n-   first: [Function: first],\n-   last: [Function: last],\n-   eq: [Function: eq],\n-   end: [Function: end],\n-   push: [Function: push],\n-   sort: [Function: sort],\n-   splice: [Function: splice],\n-   extend: [Function],\n-   find: [Function: find],\n-   filter: [Function: filter],\n-   not: [Function: not],\n-   is: [Function: is],\n-   init: [Function],\n-   has: [Function: has],\n-   closest: [Function: closest],\n-   index: [Function: index],\n-   add: [Function: add],\n-   addBack: [Function: addBack],\n-   parent: [Function],\n-   parents: [Function],\n-   parentsUntil: [Function],\n-   next: [Function],\n-   prev: [Function],\n-   nextAll: [Function],\n-   prevAll: [Function],\n-   nextUntil: [Function],\n-   prevUntil: [Function],\n-   siblings: [Function],\n-   children: [Function],\n-   contents: [Function],\n-   ready: [Function],\n-   data: [Function: data],\n-   removeData: [Function: removeData],\n-   queue: [Function: queue],\n-   dequeue: [Function: dequeue],\n-   clearQueue: [Function: clearQueue],\n-   promise: [Function: promise],\n-   show: [Function],\n-   hide: [Function],\n-   toggle: [Function],\n-   on: [Function: on],\n-   one: [Function: one],\n-   off: [Function: off],\n-   detach: [Function: detach],\n-   remove: [Function: remove],\n-   text: [Function: text],\n-   append: [Function: append],\n-   prepend: [Function: prepend],\n-   before: [Function: before],\n-   after: [Function: after],\n-   empty: [Function: empty],\n-   clone: [Function: clone],\n-   html: [Function: html],\n-   replaceWith: [Function: replaceWith],\n-   appendTo: [Function],\n-   prependTo: [Function],\n-   insertBefore: [Function],\n-   insertAfter: [Function],\n-   replaceAll: [Function],\n-   css: [Function: css],\n-   fadeTo: [Function: fadeTo],\n-   animate: [Function: animate],\n-   stop: [Function: stop],\n-   finish: [Function: finish],\n-   slideDown: [Function],\n-   slideUp: [Function],\n-   slideToggle: [Function],\n-   fadeIn: [Function],\n-   fadeOut: [Function],\n-   fadeToggle: [Function],\n-   delay: [Function],\n-   attr: [Function: attr],\n-   removeAttr: [Function: removeAttr],\n-   prop: [Function: prop],\n-   removeProp: [Function: removeProp],\n-   addClass: [Function: addClass],\n-   removeClass: [Function: removeClass],\n-   toggleClass: [Function: toggleClass],\n-   hasClass: [Function: hasClass],\n-   val: [Function: val],\n-   trigger: [Function: trigger],\n-   triggerHandler: [Function: triggerHandler],\n-   blur: [Function],\n-   focus: [Function],\n-   focusin: [Function],\n-   focusout: [Function],\n-   resize: [Function],\n-   scroll: [Function],\n-   click: [Function],\n-   dblclick: [Function],\n-   mousedown: [Function],\n-   mouseup: [Function],\n-   mousemove: [Function],\n-   mouseover: [Function],\n-   mouseout: [Function],\n-   mouseenter: [Function],\n-   mouseleave: [Function],\n-   change: [Function],\n-   select: [Function],\n-   submit: [Function],\n-   keydown: [Function],\n-   keypress: [Function],\n-   keyup: [Function],\n-   contextmenu: [Function],\n-   hover: [Function: hover],\n-   serialize: [Function: serialize],\n-   serializeArray: [Function: serializeArray],\n-   wrapAll: [Function: wrapAll],\n-   wrapInner: [Function: wrapInner],\n-   wrap: [Function: wrap],\n-   unwrap: [Function: unwrap],\n-   load: [Function],\n-   ajaxStart: [Function],\n-   ajaxStop: [Function],\n-   ajaxComplete: [Function],\n-   ajaxError: [Function],\n-   ajaxSuccess: [Function],\n-   ajaxSend: [Function],\n-   offset: [Function: offset],\n-   position: [Function: position],\n-   offsetParent: [Function: offsetParent],\n-   scrollLeft: [Function],\n-   scrollTop: [Function],\n-   innerHeight: [Function],\n-   height: [Function],\n-   outerHeight: [Function],\n-   innerWidth: [Function],\n-   width: [Function],\n-   outerWidth: [Function],\n-   bind: [Function: bind],\n-   unbind: [Function: unbind],\n-   delegate: [Function: delegate],\n-   undelegate: [Function: undelegate],\n-   scrollTo: [Function] }\n+ 'selected'\n"
              },
              "uuid": "6dbc3e57-283e-430f-ae3f-d9dc8d151788",
              "parentUUID": "4231e370-321f-4c08-87ef-7ca060599814",
              "isHook": false,
              "skipped": false
            },
            {
              "title": "Verifica se os pixels dentro do quadro não têm a classe `selected` quando são clicados",
              "fullTitle": "9 - Crie uma função para selecionar uma cor na paleta de cores e preencher os pixels no quadro Verifica se os pixels dentro do quadro não têm a classe `selected` quando são clicados",
              "timedOut": null,
              "duration": 8149,
              "state": "passed",
              "speed": "slow",
              "pass": true,
              "fail": false,
              "pending": false,
              "context": null,
              "code": "cy.get('.color').each(function (color) {\n  var backgroundColor = color.css('background-color');\n  cy.wrap(color).click();\n  cy.get('.pixel').each(function (pixel) {\n    cy.wrap(pixel).click().should('not.have.class', 'selected');\n  });\n});",
              "err": {},
              "uuid": "842e2b06-50c5-4ba6-afc8-f5925ba504de",
              "parentUUID": "4231e370-321f-4c08-87ef-7ca060599814",
              "isHook": false,
              "skipped": false
            }
          ],
          "suites": [],
          "passes": [
            "842e2b06-50c5-4ba6-afc8-f5925ba504de"
          ],
          "failures": [
            "6dbc3e57-283e-430f-ae3f-d9dc8d151788"
          ],
          "pending": [],
          "skipped": [],
          "duration": 8545,
          "root": false,
          "rootEmpty": false,
          "_timeout": 2000
        },
        {
          "uuid": "69363b0d-09cb-4eaf-8f00-1163f9b00856",
          "title": "10 - Crie uma função que permita preencher um pixel do quadro com a cor selecionada na paleta de cores",
          "fullFile": "",
          "file": "",
          "beforeHooks": [],
          "afterHooks": [],
          "tests": [
            {
              "title": "Verifica se ao carregar a página deve ser possível pintar os pixels de preto",
              "fullTitle": "10 - Crie uma função que permita preencher um pixel do quadro com a cor selecionada na paleta de cores Verifica se ao carregar a página deve ser possível pintar os pixels de preto",
              "timedOut": null,
              "duration": 4427,
              "state": "failed",
              "speed": null,
              "pass": false,
              "fail": true,
              "pending": false,
              "context": null,
              "code": "cy.get('.pixel').each(function (pixel) {\n  cy.wrap(pixel).click().should('have.css', 'background-color', BLACK);\n});",
              "err": {
                "message": "CypressError: Timed out retrying: expected '<div.pixel>' to have CSS property 'background-color' with the value 'rgb(0, 0, 0)', but the value was 'rgb(255, 255, 255)'",
                "estack": "CypressError: Timed out retrying: expected '<div.pixel>' to have CSS property 'background-color' with the value 'rgb(0, 0, 0)', but the value was 'rgb(255, 255, 255)'\n    at cypressErr (http://localhost:49803/__cypress/runner/cypress_runner.js:149934:9)\n    at throwErr (http://localhost:49803/__cypress/runner/cypress_runner.js:149867:11)\n    at Object.throwErrByPath (http://localhost:49803/__cypress/runner/cypress_runner.js:149915:3)\n    at retry (http://localhost:49803/__cypress/runner/cypress_runner.js:144197:19)\n    at onFailFn (http://localhost:49803/__cypress/runner/cypress_runner.js:132448:16)\n    at tryCatcher (http://localhost:49803/__cypress/runner/cypress_runner.js:167415:23)\n    at Promise._settlePromiseFromHandler (http://localhost:49803/__cypress/runner/cypress_runner.js:165351:31)\n    at Promise._settlePromise (http://localhost:49803/__cypress/runner/cypress_runner.js:165408:18)\n    at Promise._settlePromise0 (http://localhost:49803/__cypress/runner/cypress_runner.js:165453:10)\n    at Promise._settlePromises (http://localhost:49803/__cypress/runner/cypress_runner.js:165528:18)\n    at Async../node_modules/bluebird/js/release/async.js.Async._drainQueue (http://localhost:49803/__cypress/runner/cypress_runner.js:162140:16)\n    at Async../node_modules/bluebird/js/release/async.js.Async._drainQueues (http://localhost:49803/__cypress/runner/cypress_runner.js:162150:10)\n    at Async.drainQueues (http://localhost:49803/__cypress/runner/cypress_runner.js:162024:14)",
                "diff": null
              },
              "uuid": "fc1dda70-c3ea-4f7c-bcfb-b223adb760dd",
              "parentUUID": "69363b0d-09cb-4eaf-8f00-1163f9b00856",
              "isHook": false,
              "skipped": false
            },
            {
              "title": "Verifica se após selecionar uma outra cor na paleta, é possível pintar os pixels com essa cor",
              "fullTitle": "10 - Crie uma função que permita preencher um pixel do quadro com a cor selecionada na paleta de cores Verifica se após selecionar uma outra cor na paleta, é possível pintar os pixels com essa cor",
              "timedOut": null,
              "duration": 4490,
              "state": "failed",
              "speed": null,
              "pass": false,
              "fail": true,
              "pending": false,
              "context": null,
              "code": "cy.get('.color').each(function (color) {\n  var backgroundColor = color.css('background-color');\n  cy.wrap(color).click();\n  cy.get('.pixel').each(function (pixel) {\n    cy.wrap(pixel).click().should('have.css', 'background-color', backgroundColor);\n  });\n});",
              "err": {
                "message": "CypressError: Timed out retrying: expected '<div.pixel>' to have CSS property 'background-color' with the value 'rgb(0, 0, 0)', but the value was 'rgb(255, 255, 255)'",
                "estack": "CypressError: Timed out retrying: expected '<div.pixel>' to have CSS property 'background-color' with the value 'rgb(0, 0, 0)', but the value was 'rgb(255, 255, 255)'\n    at cypressErr (http://localhost:49803/__cypress/runner/cypress_runner.js:149934:9)\n    at throwErr (http://localhost:49803/__cypress/runner/cypress_runner.js:149867:11)\n    at Object.throwErrByPath (http://localhost:49803/__cypress/runner/cypress_runner.js:149915:3)\n    at retry (http://localhost:49803/__cypress/runner/cypress_runner.js:144197:19)\n    at onFailFn (http://localhost:49803/__cypress/runner/cypress_runner.js:132448:16)\n    at tryCatcher (http://localhost:49803/__cypress/runner/cypress_runner.js:167415:23)\n    at Promise._settlePromiseFromHandler (http://localhost:49803/__cypress/runner/cypress_runner.js:165351:31)\n    at Promise._settlePromise (http://localhost:49803/__cypress/runner/cypress_runner.js:165408:18)\n    at Promise._settlePromise0 (http://localhost:49803/__cypress/runner/cypress_runner.js:165453:10)\n    at Promise._settlePromises (http://localhost:49803/__cypress/runner/cypress_runner.js:165528:18)\n    at Async../node_modules/bluebird/js/release/async.js.Async._drainQueue (http://localhost:49803/__cypress/runner/cypress_runner.js:162140:16)\n    at Async../node_modules/bluebird/js/release/async.js.Async._drainQueues (http://localhost:49803/__cypress/runner/cypress_runner.js:162150:10)\n    at Async.drainQueues (http://localhost:49803/__cypress/runner/cypress_runner.js:162024:14)",
                "diff": null
              },
              "uuid": "889aef51-5a4e-4835-a866-94d2830d781b",
              "parentUUID": "69363b0d-09cb-4eaf-8f00-1163f9b00856",
              "isHook": false,
              "skipped": false
            },
            {
              "title": "Verifica se somente o pixel que foi clicado foi preenchido com a cor selecionada, sem influenciar na cor dos demais pixels.",
              "fullTitle": "10 - Crie uma função que permita preencher um pixel do quadro com a cor selecionada na paleta de cores Verifica se somente o pixel que foi clicado foi preenchido com a cor selecionada, sem influenciar na cor dos demais pixels.",
              "timedOut": null,
              "duration": 1040,
              "state": "passed",
              "speed": "slow",
              "pass": true,
              "fail": false,
              "pending": false,
              "context": null,
              "code": "var colorToPixelIndexMap = {\n  0: 6,\n  1: 8,\n  2: 16,\n  3: 18\n};\ncy.get('.color').each(function (color, index) {\n  cy.wrap(color).click();\n  var backgroundColor = color.css('background-color');\n  var clickedPixelIndex = colorToPixelIndexMap[index];\n  cy.get('.pixel').eq(clickedPixelIndex).click();\n  cy.get('.pixel').eq(clickedPixelIndex - 1).should('not.have.css', 'background-color', backgroundColor);\n  cy.get('.pixel').eq(clickedPixelIndex + 1).should('not.have.css', 'background-color', backgroundColor);\n  cy.get('.pixel').eq(clickedPixelIndex - 5).should('not.have.css', 'background-color', backgroundColor);\n  cy.get('.pixel').eq(clickedPixelIndex + 5).should('not.have.css', 'background-color', backgroundColor);\n  cy.get('.pixel').eq(clickedPixelIndex - 6).should('not.have.css', 'background-color', backgroundColor);\n  cy.get('.pixel').eq(clickedPixelIndex - 4).should('not.have.css', 'background-color', backgroundColor);\n  cy.get('.pixel').eq(clickedPixelIndex + 4).should('not.have.css', 'background-color', backgroundColor);\n  cy.get('.pixel').eq(clickedPixelIndex + 6).should('not.have.css', 'background-color', backgroundColor);\n});",
              "err": {},
              "uuid": "8ca8ac52-990a-426e-b971-f2dd30db562e",
              "parentUUID": "69363b0d-09cb-4eaf-8f00-1163f9b00856",
              "isHook": false,
              "skipped": false
            }
          ],
          "suites": [],
          "passes": [
            "8ca8ac52-990a-426e-b971-f2dd30db562e"
          ],
          "failures": [
            "fc1dda70-c3ea-4f7c-bcfb-b223adb760dd",
            "889aef51-5a4e-4835-a866-94d2830d781b"
          ],
          "pending": [],
          "skipped": [],
          "duration": 9957,
          "root": false,
          "rootEmpty": false,
          "_timeout": 2000
        },
        {
          "uuid": "4deb8450-a92c-4b3a-8005-85114ad23436",
          "title": "11 - Crie um botão que, ao ser clicado, limpa o quadro preenchendo a cor de todos seus pixels com branco",
          "fullFile": "",
          "file": "",
          "beforeHooks": [],
          "afterHooks": [],
          "tests": [
            {
              "title": "Verifica se o botão tem o `id` denominado `clear-board`",
              "fullTitle": "11 - Crie um botão que, ao ser clicado, limpa o quadro preenchendo a cor de todos seus pixels com branco Verifica se o botão tem o `id` denominado `clear-board`",
              "timedOut": null,
              "duration": 4344,
              "state": "failed",
              "speed": null,
              "pass": false,
              "fail": true,
              "pending": false,
              "context": null,
              "code": "cy.get('#clear-board').should('be.visible');",
              "err": {
                "message": "CypressError: Timed out retrying: Expected to find element: '#clear-board', but never found it.",
                "estack": "CypressError: Timed out retrying: Expected to find element: '#clear-board', but never found it.\n    at cypressErr (http://localhost:49803/__cypress/runner/cypress_runner.js:149934:9)\n    at throwErr (http://localhost:49803/__cypress/runner/cypress_runner.js:149867:11)\n    at Object.throwErrByPath (http://localhost:49803/__cypress/runner/cypress_runner.js:149915:3)\n    at retry (http://localhost:49803/__cypress/runner/cypress_runner.js:144197:19)\n    at onFailFn (http://localhost:49803/__cypress/runner/cypress_runner.js:132448:16)\n    at tryCatcher (http://localhost:49803/__cypress/runner/cypress_runner.js:167415:23)\n    at Promise._settlePromiseFromHandler (http://localhost:49803/__cypress/runner/cypress_runner.js:165351:31)\n    at Promise._settlePromise (http://localhost:49803/__cypress/runner/cypress_runner.js:165408:18)\n    at Promise._settlePromise0 (http://localhost:49803/__cypress/runner/cypress_runner.js:165453:10)\n    at Promise._settlePromises (http://localhost:49803/__cypress/runner/cypress_runner.js:165528:18)\n    at Async../node_modules/bluebird/js/release/async.js.Async._drainQueue (http://localhost:49803/__cypress/runner/cypress_runner.js:162140:16)\n    at Async../node_modules/bluebird/js/release/async.js.Async._drainQueues (http://localhost:49803/__cypress/runner/cypress_runner.js:162150:10)\n    at Async.drainQueues (http://localhost:49803/__cypress/runner/cypress_runner.js:162024:14)",
                "diff": null
              },
              "uuid": "f997c10b-5516-4ff3-b833-9c6c953153df",
              "parentUUID": "4deb8450-a92c-4b3a-8005-85114ad23436",
              "isHook": false,
              "skipped": false
            },
            {
              "title": "Verifica se o botão está posicionado entre a paleta de cores e o quadro de pixels",
              "fullTitle": "11 - Crie um botão que, ao ser clicado, limpa o quadro preenchendo a cor de todos seus pixels com branco Verifica se o botão está posicionado entre a paleta de cores e o quadro de pixels",
              "timedOut": null,
              "duration": 4377,
              "state": "failed",
              "speed": null,
              "pass": false,
              "fail": true,
              "pending": false,
              "context": null,
              "code": "cy.get('#color-palette').then(function (palette) {\n  cy.get('#clear-board').should('be.belowOf', palette);\n});\ncy.get('#clear-board').then(function (clearBtn) {\n  cy.get('#pixel-board').should('be.belowOf', clearBtn);\n});",
              "err": {
                "message": "CypressError: Timed out retrying: Expected to find element: '#clear-board', but never found it.",
                "estack": "CypressError: Timed out retrying: Expected to find element: '#clear-board', but never found it.\n    at cypressErr (http://localhost:49803/__cypress/runner/cypress_runner.js:149934:9)\n    at throwErr (http://localhost:49803/__cypress/runner/cypress_runner.js:149867:11)\n    at Object.throwErrByPath (http://localhost:49803/__cypress/runner/cypress_runner.js:149915:3)\n    at retry (http://localhost:49803/__cypress/runner/cypress_runner.js:144197:19)\n    at onFailFn (http://localhost:49803/__cypress/runner/cypress_runner.js:132448:16)\n    at tryCatcher (http://localhost:49803/__cypress/runner/cypress_runner.js:167415:23)\n    at Promise._settlePromiseFromHandler (http://localhost:49803/__cypress/runner/cypress_runner.js:165351:31)\n    at Promise._settlePromise (http://localhost:49803/__cypress/runner/cypress_runner.js:165408:18)\n    at Promise._settlePromise0 (http://localhost:49803/__cypress/runner/cypress_runner.js:165453:10)\n    at Promise._settlePromises (http://localhost:49803/__cypress/runner/cypress_runner.js:165528:18)\n    at Async../node_modules/bluebird/js/release/async.js.Async._drainQueue (http://localhost:49803/__cypress/runner/cypress_runner.js:162140:16)\n    at Async../node_modules/bluebird/js/release/async.js.Async._drainQueues (http://localhost:49803/__cypress/runner/cypress_runner.js:162150:10)\n    at Async.drainQueues (http://localhost:49803/__cypress/runner/cypress_runner.js:162024:14)",
                "diff": null
              },
              "uuid": "6bb16720-3948-47aa-911c-2aa7b679b48a",
              "parentUUID": "4deb8450-a92c-4b3a-8005-85114ad23436",
              "isHook": false,
              "skipped": false
            },
            {
              "title": "Verifica se o texto do botão é 'Limpar'",
              "fullTitle": "11 - Crie um botão que, ao ser clicado, limpa o quadro preenchendo a cor de todos seus pixels com branco Verifica se o texto do botão é 'Limpar'",
              "timedOut": null,
              "duration": 4371,
              "state": "failed",
              "speed": null,
              "pass": false,
              "fail": true,
              "pending": false,
              "context": null,
              "code": "cy.get('#clear-board').should('contain.text', 'Limpar');",
              "err": {
                "message": "CypressError: Timed out retrying: Expected to find element: '#clear-board', but never found it.",
                "estack": "CypressError: Timed out retrying: Expected to find element: '#clear-board', but never found it.\n    at cypressErr (http://localhost:49803/__cypress/runner/cypress_runner.js:149934:9)\n    at throwErr (http://localhost:49803/__cypress/runner/cypress_runner.js:149867:11)\n    at Object.throwErrByPath (http://localhost:49803/__cypress/runner/cypress_runner.js:149915:3)\n    at retry (http://localhost:49803/__cypress/runner/cypress_runner.js:144197:19)\n    at onFailFn (http://localhost:49803/__cypress/runner/cypress_runner.js:132448:16)\n    at tryCatcher (http://localhost:49803/__cypress/runner/cypress_runner.js:167415:23)\n    at Promise._settlePromiseFromHandler (http://localhost:49803/__cypress/runner/cypress_runner.js:165351:31)\n    at Promise._settlePromise (http://localhost:49803/__cypress/runner/cypress_runner.js:165408:18)\n    at Promise._settlePromise0 (http://localhost:49803/__cypress/runner/cypress_runner.js:165453:10)\n    at Promise._settlePromises (http://localhost:49803/__cypress/runner/cypress_runner.js:165528:18)\n    at Async../node_modules/bluebird/js/release/async.js.Async._drainQueue (http://localhost:49803/__cypress/runner/cypress_runner.js:162140:16)\n    at Async../node_modules/bluebird/js/release/async.js.Async._drainQueues (http://localhost:49803/__cypress/runner/cypress_runner.js:162150:10)\n    at Async.drainQueues (http://localhost:49803/__cypress/runner/cypress_runner.js:162024:14)",
                "diff": null
              },
              "uuid": "c1d626a3-2bd4-46a8-8346-a14541606bed",
              "parentUUID": "4deb8450-a92c-4b3a-8005-85114ad23436",
              "isHook": false,
              "skipped": false
            },
            {
              "title": "Verifica se ao clicar no botão, o quadro de pixels é totalmente preenchido de branco",
              "fullTitle": "11 - Crie um botão que, ao ser clicado, limpa o quadro preenchendo a cor de todos seus pixels com branco Verifica se ao clicar no botão, o quadro de pixels é totalmente preenchido de branco",
              "timedOut": null,
              "duration": 4488,
              "state": "failed",
              "speed": null,
              "pass": false,
              "fail": true,
              "pending": false,
              "context": null,
              "code": "cy.get('.color').eq(1).then(function (color) {\n  var backgroundColor = color.css('background-color');\n  cy.wrap(color).click();\n  cy.get('.pixel').each(function (pixel) {\n    cy.wrap(pixel).click().should('have.css', 'background-color', backgroundColor);\n  });\n});\ncy.get('#clear-board').click();\ncy.get('.pixel').each(function (pixel) {\n  cy.wrap(pixel).should('have.css', 'background-color', WHITE);\n});",
              "err": {
                "message": "CypressError: Timed out retrying: expected '<div.pixel>' to have CSS property 'background-color' with the value 'rgb(255, 0, 0)', but the value was 'rgb(255, 255, 255)'",
[...]
                "diff": null
              },
              "uuid": "1054279d-6b27-4e3a-9ff9-4b7530050180",
              "parentUUID": "60d57d6a-bb30-40d9-b512-b1d2a5eccf62",
              "isHook": false,
              "skipped": false
            },
            {
              "title": "Verifica se o novo quadro tem todos os pixels preenchidos com a cor branca",
              "fullTitle": "13 - Crie um input que permita à pessoa usuária preencher um novo tamanho para o quadro de pixels Verifica se o novo quadro tem todos os pixels preenchidos com a cor branca",
              "timedOut": null,
              "duration": 4388,
              "state": "failed",
              "speed": null,
              "pass": false,
              "fail": true,
              "pending": false,
              "context": null,
              "code": "cy.get('#board-size').clear().type(6);\ncy.get('#generate-board').click();\ncy.get('.pixel').should('have.length', 36).each(function (pixel) {\n  expect(pixel).to.have.css('background-color', WHITE);\n});",
              "err": {
                "message": "CypressError: Timed out retrying: Expected to find element: '#board-size', but never found it.",
                "estack": "CypressError: Timed out retrying: Expected to find element: '#board-size', but never found it.\n    at cypressErr (http://localhost:49803/__cypress/runner/cypress_runner.js:149934:9)\n    at throwErr (http://localhost:49803/__cypress/runner/cypress_runner.js:149867:11)\n    at Object.throwErrByPath (http://localhost:49803/__cypress/runner/cypress_runner.js:149915:3)\n    at retry (http://localhost:49803/__cypress/runner/cypress_runner.js:144197:19)\n    at onFailFn (http://localhost:49803/__cypress/runner/cypress_runner.js:132448:16)\n    at tryCatcher (http://localhost:49803/__cypress/runner/cypress_runner.js:167415:23)\n    at Promise._settlePromiseFromHandler (http://localhost:49803/__cypress/runner/cypress_runner.js:165351:31)\n    at Promise._settlePromise (http://localhost:49803/__cypress/runner/cypress_runner.js:165408:18)\n    at Promise._settlePromise0 (http://localhost:49803/__cypress/runner/cypress_runner.js:165453:10)\n    at Promise._settlePromises (http://localhost:49803/__cypress/runner/cypress_runner.js:165528:18)\n    at Async../node_modules/bluebird/js/release/async.js.Async._drainQueue (http://localhost:49803/__cypress/runner/cypress_runner.js:162140:16)\n    at Async../node_modules/bluebird/js/release/async.js.Async._drainQueues (http://localhost:49803/__cypress/runner/cypress_runner.js:162150:10)\n    at Async.drainQueues (http://localhost:49803/__cypress/runner/cypress_runner.js:162024:14)",
                "diff": null
              },
              "uuid": "1d3c3ff2-692c-46de-b893-e3f105110c7e",
              "parentUUID": "60d57d6a-bb30-40d9-b512-b1d2a5eccf62",
              "isHook": false,
              "skipped": false
            }
          ],
          "suites": [],
          "passes": [],
          "failures": [
            "847dcf9d-4695-4c26-8875-c5aafdde0a84",
            "0a9f0c46-0fde-4eff-a7f1-cbf6396bd06d",
            "eed375de-0a06-4c1a-bdd9-8254fcba36d9",
            "fda2ff75-7650-4782-a9a6-b5f82bcaa62b",
            "f1f914a0-79c2-4192-9066-8f1b362a8e89",
            "ab8166a5-5614-439a-a467-19389e7cdbd8",
            "df2dc97e-e57f-49aa-b249-9291731592f6",
            "1054279d-6b27-4e3a-9ff9-4b7530050180",
            "1d3c3ff2-692c-46de-b893-e3f105110c7e"
          ],
          "pending": [],
          "skipped": [],
          "duration": 39380,
          "root": false,
          "rootEmpty": false,
          "_timeout": 2000
        },
        {
          "uuid": "597e5126-d222-4396-a23b-476d1d4002cc",
          "title": "14 - Crie uma função que limite o tamanho mínimo e máximo do quadro de pixels",
          "fullFile": "",
          "file": "",
          "beforeHooks": [],
          "afterHooks": [],
          "tests": [
            {
              "title": "Verifica se a altura máxima do board é 50",
              "fullTitle": "14 - Crie uma função que limite o tamanho mínimo e máximo do quadro de pixels Verifica se a altura máxima do board é 50",
              "timedOut": null,
              "duration": 4378,
              "state": "failed",
              "speed": null,
              "pass": false,
              "fail": true,
              "pending": false,
              "context": null,
              "code": "cy.get('#board-size').clear().type(50);\ncy.get('#generate-board').click();\ncy.get('.pixel').should('have.length', 2500);",
              "err": {
                "message": "CypressError: Timed out retrying: Expected to find element: '#board-size', but never found it.",
                "estack": "CypressError: Timed out retrying: Expected to find element: '#board-size', but never found it.\n    at cypressErr (http://localhost:49803/__cypress/runner/cypress_runner.js:149934:9)\n    at throwErr (http://localhost:49803/__cypress/runner/cypress_runner.js:149867:11)\n    at Object.throwErrByPath (http://localhost:49803/__cypress/runner/cypress_runner.js:149915:3)\n    at retry (http://localhost:49803/__cypress/runner/cypress_runner.js:144197:19)\n    at onFailFn (http://localhost:49803/__cypress/runner/cypress_runner.js:132448:16)\n    at tryCatcher (http://localhost:49803/__cypress/runner/cypress_runner.js:167415:23)\n    at Promise._settlePromiseFromHandler (http://localhost:49803/__cypress/runner/cypress_runner.js:165351:31)\n    at Promise._settlePromise (http://localhost:49803/__cypress/runner/cypress_runner.js:165408:18)\n    at Promise._settlePromise0 (http://localhost:49803/__cypress/runner/cypress_runner.js:165453:10)\n    at Promise._settlePromises (http://localhost:49803/__cypress/runner/cypress_runner.js:165528:18)\n    at Async../node_modules/bluebird/js/release/async.js.Async._drainQueue (http://localhost:49803/__cypress/runner/cypress_runner.js:162140:16)\n    at Async../node_modules/bluebird/js/release/async.js.Async._drainQueues (http://localhost:49803/__cypress/runner/cypress_runner.js:162150:10)\n    at Async.drainQueues (http://localhost:49803/__cypress/runner/cypress_runner.js:162024:14)",
                "diff": null
              },
              "uuid": "701b7ba3-fdd3-4a5a-b31c-40a7824e92e0",
              "parentUUID": "597e5126-d222-4396-a23b-476d1d4002cc",
              "isHook": false,
              "skipped": false
            },
            {
              "title": "Verifica se a altura do board é 5 quando um valor menor é colocado no input",
              "fullTitle": "14 - Crie uma função que limite o tamanho mínimo e máximo do quadro de pixels Verifica se a altura do board é 5 quando um valor menor é colocado no input",
              "timedOut": null,
              "duration": 4344,
              "state": "failed",
              "speed": null,
              "pass": false,
              "fail": true,
              "pending": false,
              "context": null,
              "code": "cy.get('#board-size').clear().type(4);\ncy.get('#generate-board').click();\ncy.get('.pixel').should('have.length', 25);",
              "err": {
                "message": "CypressError: Timed out retrying: Expected to find element: '#board-size', but never found it.",
                "estack": "CypressError: Timed out retrying: Expected to find element: '#board-size', but never found it.\n    at cypressErr (http://localhost:49803/__cypress/runner/cypress_runner.js:149934:9)\n    at throwErr (http://localhost:49803/__cypress/runner/cypress_runner.js:149867:11)\n    at Object.throwErrByPath (http://localhost:49803/__cypress/runner/cypress_runner.js:149915:3)\n    at retry (http://localhost:49803/__cypress/runner/cypress_runner.js:144197:19)\n    at onFailFn (http://localhost:49803/__cypress/runner/cypress_runner.js:132448:16)\n    at tryCatcher (http://localhost:49803/__cypress/runner/cypress_runner.js:167415:23)\n    at Promise._settlePromiseFromHandler (http://localhost:49803/__cypress/runner/cypress_runner.js:165351:31)\n    at Promise._settlePromise (http://localhost:49803/__cypress/runner/cypress_runner.js:165408:18)\n    at Promise._settlePromise0 (http://localhost:49803/__cypress/runner/cypress_runner.js:165453:10)\n    at Promise._settlePromises (http://localhost:49803/__cypress/runner/cypress_runner.js:165528:18)\n    at Async../node_modules/bluebird/js/release/async.js.Async._drainQueue (http://localhost:49803/__cypress/runner/cypress_runner.js:162140:16)\n    at Async../node_modules/bluebird/js/release/async.js.Async._drainQueues (http://localhost:49803/__cypress/runner/cypress_runner.js:162150:10)\n    at Async.drainQueues (http://localhost:49803/__cypress/runner/cypress_runner.js:162024:14)",
                "diff": null
              },
              "uuid": "803f3990-2b43-493d-bd6b-57da1f8f1a28",
              "parentUUID": "597e5126-d222-4396-a23b-476d1d4002cc",
              "isHook": false,
              "skipped": false
            },
            {
              "title": "Verifica se a altura do board é 50 quando um valor maior é colocado no input",
              "fullTitle": "14 - Crie uma função que limite o tamanho mínimo e máximo do quadro de pixels Verifica se a altura do board é 50 quando um valor maior é colocado no input",
              "timedOut": null,
              "duration": 4359,
              "state": "failed",
              "speed": null,
              "pass": false,
              "fail": true,
              "pending": false,
              "context": null,
              "code": "cy.get('#board-size').clear().type(51);\ncy.get('#generate-board').click();\ncy.get('.pixel').should('have.length', 2500);",
              "err": {
                "message": "CypressError: Timed out retrying: Expected to find element: '#board-size', but never found it.",
                "estack": "CypressError: Timed out retrying: Expected to find element: '#board-size', but never found it.\n    at cypressErr (http://localhost:49803/__cypress/runner/cypress_runner.js:149934:9)\n    at throwErr (http://localhost:49803/__cypress/runner/cypress_runner.js:149867:11)\n    at Object.throwErrByPath (http://localhost:49803/__cypress/runner/cypress_runner.js:149915:3)\n    at retry (http://localhost:49803/__cypress/runner/cypress_runner.js:144197:19)\n    at onFailFn (http://localhost:49803/__cypress/runner/cypress_runner.js:132448:16)\n    at tryCatcher (http://localhost:49803/__cypress/runner/cypress_runner.js:167415:23)\n    at Promise._settlePromiseFromHandler (http://localhost:49803/__cypress/runner/cypress_runner.js:165351:31)\n    at Promise._settlePromise (http://localhost:49803/__cypress/runner/cypress_runner.js:165408:18)\n    at Promise._settlePromise0 (http://localhost:49803/__cypress/runner/cypress_runner.js:165453:10)\n    at Promise._settlePromises (http://localhost:49803/__cypress/runner/cypress_runner.js:165528:18)\n    at Async../node_modules/bluebird/js/release/async.js.Async._drainQueue (http://localhost:49803/__cypress/runner/cypress_runner.js:162140:16)\n    at Async../node_modules/bluebird/js/release/async.js.Async._drainQueues (http://localhost:49803/__cypress/runner/cypress_runner.js:162150:10)\n    at Async.drainQueues (http://localhost:49803/__cypress/runner/cypress_runner.js:162024:14)",
                "diff": null
              },
              "uuid": "84a71b1e-90af-4173-899d-83fc434d8295",
              "parentUUID": "597e5126-d222-4396-a23b-476d1d4002cc",
              "isHook": false,
              "skipped": false
            }
          ],
          "suites": [],
          "passes": [],
          "failures": [
            "701b7ba3-fdd3-4a5a-b31c-40a7824e92e0",
            "803f3990-2b43-493d-bd6b-57da1f8f1a28",
            "84a71b1e-90af-4173-899d-83fc434d8295"
          ],
          "pending": [],
          "skipped": [],
          "duration": 13081,
          "root": false,
          "rootEmpty": false,
          "_timeout": 2000
        },
        {
          "uuid": "18881dcd-ab3a-48c4-93fc-e489e59c9dbd",
          "title": "15 - Crie uma função para manter o tamanho novo do board ao recarregar a página",
          "fullFile": "",
          "file": "",
          "beforeHooks": [],
          "afterHooks": [],
          "tests": [
            {
              "title": "O tamanho do board gerado deve ser salvo no localStorage com a chave `boardSize`",
              "fullTitle": "15 - Crie uma função para manter o tamanho novo do board ao recarregar a página O tamanho do board gerado deve ser salvo no localStorage com a chave `boardSize`",
              "timedOut": null,
              "duration": 4399,
              "state": "failed",
              "speed": null,
              "pass": false,
              "fail": true,
              "pending": false,
              "context": null,
              "code": "cy.get('#board-size').clear().type(6);\ncy.get('#generate-board').click();\ncy.reload().then(function () {\n  var boardSize = JSON.parse(localStorage.getItem('boardSize'));\n  expect(boardSize).to.not.equal(null);\n});",
              "err": {
                "message": "CypressError: Timed out retrying: Expected to find element: '#board-size', but never found it.",
                "estack": "CypressError: Timed out retrying: Expected to find element: '#board-size', but never found it.\n    at cypressErr (http://localhost:49803/__cypress/runner/cypress_runner.js:149934:9)\n    at throwErr (http://localhost:49803/__cypress/runner/cypress_runner.js:149867:11)\n    at Object.throwErrByPath (http://localhost:49803/__cypress/runner/cypress_runner.js:149915:3)\n    at retry (http://localhost:49803/__cypress/runner/cypress_runner.js:144197:19)\n    at onFailFn (http://localhost:49803/__cypress/runner/cypress_runner.js:132448:16)\n    at tryCatcher (http://localhost:49803/__cypress/runner/cypress_runner.js:167415:23)\n    at Promise._settlePromiseFromHandler (http://localhost:49803/__cypress/runner/cypress_runner.js:165351:31)\n    at Promise._settlePromise (http://localhost:49803/__cypress/runner/cypress_runner.js:165408:18)\n    at Promise._settlePromise0 (http://localhost:49803/__cypress/runner/cypress_runner.js:165453:10)\n    at Promise._settlePromises (http://localhost:49803/__cypress/runner/cypress_runner.js:165528:18)\n    at Async../node_modules/bluebird/js/release/async.js.Async._drainQueue (http://localhost:49803/__cypress/runner/cypress_runner.js:162140:16)\n    at Async../node_modules/bluebird/js/release/async.js.Async._drainQueues (http://localhost:49803/__cypress/runner/cypress_runner.js:162150:10)\n    at Async.drainQueues (http://localhost:49803/__cypress/runner/cypress_runner.js:162024:14)",
                "diff": null
              },
              "uuid": "38bfc628-17c8-441d-a8ba-48d1cda93a95",
              "parentUUID": "18881dcd-ab3a-48c4-93fc-e489e59c9dbd",
              "isHook": false,
              "skipped": false
            },
            {
              "title": "O quadro deve ter o mesmo tamanho gerado ao recarregar a página.",
              "fullTitle": "15 - Crie uma função para manter o tamanho novo do board ao recarregar a página O quadro deve ter o mesmo tamanho gerado ao recarregar a página.",
              "timedOut": null,
              "duration": 4367,
              "state": "failed",
              "speed": null,
              "pass": false,
              "fail": true,
              "pending": false,
              "context": null,
              "code": "cy.get('#board-size').clear().type(6);\ncy.get('#generate-board').click();\ncy.reload();\ncy.get('.pixel').should('have.length', 36);",
              "err": {
                "message": "CypressError: Timed out retrying: Expected to find element: '#board-size', but never found it.",
                "estack": "CypressError: Timed out retrying: Expected to find element: '#board-size', but never found it.\n    at cypressErr (http://localhost:49803/__cypress/runner/cypress_runner.js:149934:9)\n    at throwErr (http://localhost:49803/__cypress/runner/cypress_runner.js:149867:11)\n    at Object.throwErrByPath (http://localhost:49803/__cypress/runner/cypress_runner.js:149915:3)\n    at retry (http://localhost:49803/__cypress/runner/cypress_runner.js:144197:19)\n    at onFailFn (http://localhost:49803/__cypress/runner/cypress_runner.js:132448:16)\n    at tryCatcher (http://localhost:49803/__cypress/runner/cypress_runner.js:167415:23)\n    at Promise._settlePromiseFromHandler (http://localhost:49803/__cypress/runner/cypress_runner.js:165351:31)\n    at Promise._settlePromise (http://localhost:49803/__cypress/runner/cypress_runner.js:165408:18)\n    at Promise._settlePromise0 (http://localhost:49803/__cypress/runner/cypress_runner.js:165453:10)\n    at Promise._settlePromises (http://localhost:49803/__cypress/runner/cypress_runner.js:165528:18)\n    at Async../node_modules/bluebird/js/release/async.js.Async._drainQueue (http://localhost:49803/__cypress/runner/cypress_runner.js:162140:16)\n    at Async../node_modules/bluebird/js/release/async.js.Async._drainQueues (http://localhost:49803/__cypress/runner/cypress_runner.js:162150:10)\n    at Async.drainQueues (http://localhost:49803/__cypress/runner/cypress_runner.js:162024:14)",
                "diff": null
              },
              "uuid": "e2502222-6129-4604-a45b-0eaf79b432a3",
              "parentUUID": "18881dcd-ab3a-48c4-93fc-e489e59c9dbd",
              "isHook": false,
              "skipped": false
            }
          ],
          "suites": [],
          "passes": [],
          "failures": [
            "38bfc628-17c8-441d-a8ba-48d1cda93a95",
            "e2502222-6129-4604-a45b-0eaf79b432a3"
          ],
          "pending": [],
          "skipped": [],
          "duration": 8766,
          "root": false,
          "rootEmpty": false,
          "_timeout": 2000
        }
      ],
      "passes": [],
      "failures": [],
      "pending": [],
      "skipped": [],
      "duration": 0,
      "root": true,
      "rootEmpty": true,
      "_timeout": 2000
    }
  ],
  "meta": {
    "mocha": {
      "version": "7.0.1"
    },
    "mochawesome": {
      "options": {
        "quiet": false,
        "reportFilename": "mochawesome",
        "saveHtml": false,
        "saveJson": true,
        "consoleReporter": "spec",
        "useInlineDiffs": false
      },
      "version": "4.1.0"
    },
    "marge": {
      "options": {
        "id": "default",
        "reportDir": "cypress/reports",
        "overwrite": true,
        "html": false,
        "json": true
      },
      "version": "4.1.0"
    }
  }
}